[    0.000000] Initializing cgroup subsys cpuset
[    0.000000] Initializing cgroup subsys cpu
[    0.000000] Initializing cgroup subsys cpuacct
[    0.000000] Linux version 4.4.0-97-generic (buildd@lcy01-33) (gcc version 5.4.0 20160609 (Ubuntu 5.4.0-6ubuntu1~16.04.4) ) #120-Ubuntu SMP Tue Sep 19 17:28:18 UTC 2017 (Ubuntu 4.4.0-97.120-generic 4.4.87)
[    0.000000] Command line: BOOT_IMAGE=/boot/vmlinuz-4.4.0-97-generic root=LABEL=cloudimg-rootfs ro console=tty1 console=ttyS0
[    0.000000] KERNEL supported cpus:
[    0.000000]   Intel GenuineIntel
[    0.000000]   AMD AuthenticAMD
[    0.000000]   Centaur CentaurHauls
[    0.000000] x86/fpu: xstate_offset[2]:  576, xstate_sizes[2]:  256
[    0.000000] x86/fpu: Supporting XSAVE feature 0x01: 'x87 floating point registers'
[    0.000000] x86/fpu: Supporting XSAVE feature 0x02: 'SSE registers'
[    0.000000] x86/fpu: Supporting XSAVE feature 0x04: 'AVX registers'
[    0.000000] x86/fpu: Enabled xstate features 0x7, context size is 832 bytes, using 'standard' format.
[    0.000000] x86/fpu: Using 'lazy' FPU context switches.
[    0.000000] e820: BIOS-provided physical RAM map:
[    0.000000] BIOS-e820: [mem 0x0000000000000000-0x000000000009fbff] usable
[    0.000000] BIOS-e820: [mem 0x000000000009fc00-0x000000000009ffff] reserved
[    0.000000] BIOS-e820: [mem 0x00000000000f0000-0x00000000000fffff] reserved
[    0.000000] BIOS-e820: [mem 0x0000000000100000-0x000000003ffeffff] usable
[    0.000000] BIOS-e820: [mem 0x000000003fff0000-0x000000003fffffff] ACPI data
[    0.000000] BIOS-e820: [mem 0x00000000fec00000-0x00000000fec00fff] reserved
[    0.000000] BIOS-e820: [mem 0x00000000fee00000-0x00000000fee00fff] reserved
[    0.000000] BIOS-e820: [mem 0x00000000fffc0000-0x00000000ffffffff] reserved
[    0.000000] NX (Execute Disable) protection: active
[    0.000000] SMBIOS 2.5 present.
[    0.000000] Hypervisor detected: KVM
[    0.000000] e820: last_pfn = 0x3fff0 max_arch_pfn = 0x400000000
[    0.000000] MTRR: Disabled
[    0.000000] x86/PAT: MTRRs disabled, skipping PAT initialization too.
[    0.000000] CPU MTRRs all blank - virtualized system.
[    0.000000] x86/PAT: Configuration [0-7]: WB  WT  UC- UC  WB  WT  UC- UC  
[    0.000000] found SMP MP-table at [mem 0x0009fff0-0x0009ffff] mapped at [ffff88000009fff0]
[    0.000000] Scanning 1 areas for low memory corruption
[    0.000000] RAMDISK: [mem 0x36adc000-0x37565fff]
[    0.000000] ACPI: Early table checksum verification disabled
[    0.000000] ACPI: RSDP 0x00000000000E0000 000024 (v02 VBOX  )
[    0.000000] ACPI: XSDT 0x000000003FFF0030 00003C (v01 VBOX   VBOXXSDT 00000001 ASL  00000061)
[    0.000000] ACPI: FACP 0x000000003FFF00F0 0000F4 (v04 VBOX   VBOXFACP 00000001 ASL  00000061)
[    0.000000] ACPI: DSDT 0x000000003FFF0470 0021FF (v02 VBOX   VBOXBIOS 00000002 INTL 20100528)
[    0.000000] ACPI: FACS 0x000000003FFF0200 000040
[    0.000000] ACPI: FACS 0x000000003FFF0200 000040
[    0.000000] ACPI: APIC 0x000000003FFF0240 00005C (v02 VBOX   VBOXAPIC 00000001 ASL  00000061)
[    0.000000] ACPI: SSDT 0x000000003FFF02A0 0001CC (v01 VBOX   VBOXCPUT 00000002 INTL 20100528)
[    0.000000] No NUMA configuration found
[    0.000000] Faking a node at [mem 0x0000000000000000-0x000000003ffeffff]
[    0.000000] NODE_DATA(0) allocated [mem 0x3ffeb000-0x3ffeffff]
[    0.000000] kvm-clock: Using msrs 4b564d01 and 4b564d00
[    0.000000] kvm-clock: cpu 0, msr 0:3ffe3001, primary cpu clock
[    0.000000] kvm-clock: using sched offset of 3141824594 cycles
[    0.000000] clocksource: kvm-clock: mask: 0xffffffffffffffff max_cycles: 0x1cd42e4dffb, max_idle_ns: 881590591483 ns
[    0.000000] Zone ranges:
[    0.000000]   DMA      [mem 0x0000000000001000-0x0000000000ffffff]
[    0.000000]   DMA32    [mem 0x0000000001000000-0x000000003ffeffff]
[    0.000000]   Normal   empty
[    0.000000]   Device   empty
[    0.000000] Movable zone start for each node
[    0.000000] Early memory node ranges
[    0.000000]   node   0: [mem 0x0000000000001000-0x000000000009efff]
[    0.000000]   node   0: [mem 0x0000000000100000-0x000000003ffeffff]
[    0.000000] Initmem setup node 0 [mem 0x0000000000001000-0x000000003ffeffff]
[    0.000000] ACPI: PM-Timer IO Port: 0x4008
[    0.000000] IOAPIC[0]: apic_id 2, version 32, address 0xfec00000, GSI 0-23
[    0.000000] ACPI: INT_SRC_OVR (bus 0 bus_irq 0 global_irq 2 dfl dfl)
[    0.000000] ACPI: INT_SRC_OVR (bus 0 bus_irq 9 global_irq 9 high level)
[    0.000000] Using ACPI (MADT) for SMP configuration information
[    0.000000] smpboot: Allowing 2 CPUs, 0 hotplug CPUs
[    0.000000] PM: Registered nosave memory: [mem 0x00000000-0x00000fff]
[    0.000000] PM: Registered nosave memory: [mem 0x0009f000-0x0009ffff]
[    0.000000] PM: Registered nosave memory: [mem 0x000a0000-0x000effff]
[    0.000000] PM: Registered nosave memory: [mem 0x000f0000-0x000fffff]
[    0.000000] e820: [mem 0x40000000-0xfebfffff] available for PCI devices
[    0.000000] Booting paravirtualized kernel on KVM
[    0.000000] clocksource: refined-jiffies: mask: 0xffffffff max_cycles: 0xffffffff, max_idle_ns: 7645519600211568 ns
[    0.000000] setup_percpu: NR_CPUS:512 nr_cpumask_bits:512 nr_cpu_ids:2 nr_node_ids:1
[    0.000000] PERCPU: Embedded 34 pages/cpu @ffff88003fc00000 s98328 r8192 d32744 u1048576
[    0.000000] PV qspinlock hash table entries: 256 (order: 0, 4096 bytes)
[    0.000000] Built 1 zonelists in Node order, mobility grouping on.  Total pages: 257913
[    0.000000] Policy zone: DMA32
[    0.000000] Kernel command line: BOOT_IMAGE=/boot/vmlinuz-4.4.0-97-generic root=LABEL=cloudimg-rootfs ro console=tty1 console=ttyS0
[    0.000000] PID hash table entries: 4096 (order: 3, 32768 bytes)
[    0.000000] Memory: 1001772K/1048120K available (8480K kernel code, 1294K rwdata, 3984K rodata, 1492K init, 1316K bss, 46348K reserved, 0K cma-reserved)
[    0.000000] SLUB: HWalign=64, Order=0-3, MinObjects=0, CPUs=2, Nodes=1
[    0.000000] Hierarchical RCU implementation.
[    0.000000] 	Build-time adjustment of leaf fanout to 64.
[    0.000000] 	RCU restricting CPUs from NR_CPUS=512 to nr_cpu_ids=2.
[    0.000000] RCU: Adjusting geometry for rcu_fanout_leaf=64, nr_cpu_ids=2
[    0.000000] NR_IRQS:33024 nr_irqs:440 16
[    0.000000] Console: colour VGA+ 80x25
[    0.000000] console [tty1] enabled
[    0.000000] console [ttyS0] enabled
[    0.000000] tsc: Detected 1599.999 MHz processor
[    3.428194] Calibrating delay loop (skipped) preset value.. 3199.99 BogoMIPS (lpj=6399996)
[    3.486663] pid_max: default: 32768 minimum: 301
[    3.487863] ACPI: Core revision 20150930
[    3.490176] ACPI: 2 ACPI AML tables successfully acquired and loaded
[    3.509068] Security Framework initialized
[    3.513780] Yama: becoming mindful.
[    3.532670] AppArmor: AppArmor initialized
[    3.533942] Dentry cache hash table entries: 131072 (order: 8, 1048576 bytes)
[    3.544956] Inode-cache hash table entries: 65536 (order: 7, 524288 bytes)
[    3.615939] Mount-cache hash table entries: 2048 (order: 2, 16384 bytes)
[    3.635630] Mountpoint-cache hash table entries: 2048 (order: 2, 16384 bytes)
[    3.639638] Initializing cgroup subsys io
[    3.668205] Initializing cgroup subsys memory
[    3.680553] Initializing cgroup subsys devices
[    3.681960] Initializing cgroup subsys freezer
[    3.684875] Initializing cgroup subsys net_cls
[    3.691792] Initializing cgroup subsys perf_event
[    3.693164] Initializing cgroup subsys net_prio
[    3.694577] Initializing cgroup subsys hugetlb
[    3.695819] Initializing cgroup subsys pids
[    3.697172] CPU: Physical Processor ID: 0
[    3.698326] CPU: Processor Core ID: 0
[    3.701179] mce: CPU supports 0 MCE banks
[    3.708512] Last level iTLB entries: 4KB 64, 2MB 8, 4MB 8
[    3.710337] Last level dTLB entries: 4KB 64, 2MB 0, 4MB 0, 1GB 4
[    3.735517] Freeing SMP alternatives memory: 32K
[    3.785781] ftrace: allocating 32148 entries in 126 pages
[    3.844463] smpboot: APIC(0) Converting physical 0 to logical package 0
[    3.862631] smpboot: Max logical packages: 1
[    3.864064] x2apic enabled
[    3.877665] Switched APIC routing to physical x2apic.
[    3.888409] ..TIMER: vector=0x30 apic1=0 pin1=2 apic2=-1 pin2=-1
[    3.996750] smpboot: CPU0: Intel(R) Core(TM) i5-5250U CPU @ 1.60GHz (family: 0x6, model: 0x3d, stepping: 0x4)
[    4.098686] Performance Events: unsupported p6 CPU model 61 no PMU driver, software events only.
[    4.177983] KVM setup paravirtual spinlock
[    4.231435] x86: Booting SMP configuration:
[    4.251112] .... node  #0, CPUs:      #1
[    4.283352] kvm-clock: cpu 1, msr 0:3ffe3041, secondary cpu clock
[    4.295527] mce: CPU supports 0 MCE banks
[    4.300596] x86: Booted up 1 node, 2 CPUs
[    4.317622] smpboot: Total of 2 processors activated (6399.99 BogoMIPS)
[    4.365683] devtmpfs: initialized
[    4.391444] evm: security.selinux
[    4.417273] evm: security.SMACK64
[    4.461243] evm: security.SMACK64EXEC
[    4.502430] evm: security.SMACK64TRANSMUTE
[    4.534348] evm: security.SMACK64MMAP
[    4.535497] evm: security.ima
[    4.562936] evm: security.capability
[    4.599591] clocksource: jiffies: mask: 0xffffffff max_cycles: 0xffffffff, max_idle_ns: 7645041785100000 ns
[    4.671781] futex hash table entries: 512 (order: 3, 32768 bytes)
[    4.713637] pinctrl core: initialized pinctrl subsystem
[    4.738157] RTC time: 10:14:35, date: 10/18/17
[    4.772597] NET: Registered protocol family 16
[    4.821438] cpuidle: using governor ladder
[    4.844839] cpuidle: using governor menu
[    4.862869] PCCT header not found.
[    4.893417] ACPI: bus type PCI registered
[    4.950090] acpiphp: ACPI Hot Plug PCI Controller Driver version: 0.5
[    4.974691] PCI: Using configuration type 1 for base access
[    4.991522] ACPI: Added _OSI(Module Device)
[    5.026067] ACPI: Added _OSI(Processor Device)
[    5.067850] ACPI: Added _OSI(3.0 _SCP Extensions)
[    5.085920] ACPI: Added _OSI(Processor Aggregator Device)
[    5.122111] ACPI: Executed 1 blocks of module-level executable AML code
[    5.191331] ACPI: Interpreter enabled
[    5.217437] ACPI: (supports S0 S5)
[    5.243165] ACPI: Using IOAPIC for interrupt routing
[    5.266760] PCI: Using host bridge windows from ACPI; if necessary, use "pci=nocrs" and report a bug
[    5.345181] ACPI: PCI Root Bridge [PCI0] (domain 0000 [bus 00-ff])
[    5.386869] acpi PNP0A03:00: _OSC: OS supports [ASPM ClockPM Segments MSI]
[    5.465249] acpi PNP0A03:00: _OSC: not requesting OS control; OS requires [ExtendedConfig ASPM ClockPM MSI]
[    5.554763] acpi PNP0A03:00: fail to add MMCONFIG information, can't access extended PCI configuration space under this bridge.
[    5.678371] PCI host bridge to bus 0000:00
[    5.705985] pci_bus 0000:00: root bus resource [io  0x0000-0x0cf7 window]
[    5.761539] pci_bus 0000:00: root bus resource [io  0x0d00-0xffff window]
[    5.844873] pci_bus 0000:00: root bus resource [mem 0x000a0000-0x000bffff window]
[    5.900114] pci_bus 0000:00: root bus resource [mem 0x40000000-0xffdfffff window]
[    5.923131] pci_bus 0000:00: root bus resource [bus 00-ff]
[    5.950010] pci 0000:00:01.1: legacy IDE quirk: reg 0x10: [io  0x01f0-0x01f7]
[    5.952055] pci 0000:00:01.1: legacy IDE quirk: reg 0x14: [io  0x03f6]
[    5.965677] pci 0000:00:01.1: legacy IDE quirk: reg 0x18: [io  0x0170-0x0177]
[    5.973416] pci 0000:00:01.1: legacy IDE quirk: reg 0x1c: [io  0x0376]
[    6.031945] pci 0000:00:07.0: quirk: [io  0x4000-0x403f] claimed by PIIX4 ACPI
[    6.050311] pci 0000:00:07.0: quirk: [io  0x4100-0x410f] claimed by PIIX4 SMB
[    6.148537] ACPI: PCI Interrupt Link [LNKA] (IRQs 5 9 10 *11)
[    6.218685] ACPI: PCI Interrupt Link [LNKB] (IRQs 5 9 10 *11)
[    6.260618] ACPI: PCI Interrupt Link [LNKC] (IRQs 5 9 *10 11)
[    6.275706] ACPI: PCI Interrupt Link [LNKD] (IRQs 5 *9 10 11)
[    6.324141] ACPI: Enabled 2 GPEs in block 00 to 07
[    6.375980] vgaarb: setting as boot device: PCI:0000:00:02.0
[    6.406726] vgaarb: device added: PCI:0000:00:02.0,decodes=io+mem,owns=io+mem,locks=none
[    6.484927] vgaarb: loaded
[    6.518030] vgaarb: bridge control possible 0000:00:02.0
[    6.556810] SCSI subsystem initialized
[    6.594469] ACPI: bus type USB registered
[    6.610320] usbcore: registered new interface driver usbfs
[    6.611701] usbcore: registered new interface driver hub
[    6.613129] usbcore: registered new device driver usb
[    6.665233] PCI: Using ACPI for IRQ routing
[    6.716975] NetLabel: Initializing
[    6.751074] NetLabel:  domain hash size = 128
[    6.795388] NetLabel:  protocols = UNLABELED CIPSOv4
[    6.849149] NetLabel:  unlabeled traffic allowed by default
[    6.917859] amd_nb: Cannot enumerate AMD northbridges
[    6.966580] clocksource: Switched to clocksource kvm-clock
[    7.032351] AppArmor: AppArmor Filesystem Enabled
[    7.080060] pnp: PnP ACPI init
[    7.083074] pnp: PnP ACPI: found 3 devices
[    7.156201] clocksource: acpi_pm: mask: 0xffffff max_cycles: 0xffffff, max_idle_ns: 2085701024 ns
[    7.165294] NET: Registered protocol family 2
[    7.225169] TCP established hash table entries: 8192 (order: 4, 65536 bytes)
[    7.247700] TCP bind hash table entries: 8192 (order: 5, 131072 bytes)
[    7.380741] TCP: Hash tables configured (established 8192 bind 8192)
[    7.504702] UDP hash table entries: 512 (order: 2, 16384 bytes)
[    7.570842] UDP-Lite hash table entries: 512 (order: 2, 16384 bytes)
[    7.594589] NET: Registered protocol family 1
[    7.646034] pci 0000:00:00.0: Limiting direct PCI/PCI transfers
[    7.647932] pci 0000:00:01.0: Activating ISA DMA hang workarounds
[    7.651092] Unpacking initramfs...
[    9.827187] Freeing initrd memory: 10792K
[    9.881430] RAPL PMU detected, API unit is 2^-32 Joules, 4 fixed counters 10737418240 ms ovfl timer
[    9.932695] hw unit of domain pp0-core 2^-0 Joules
[   10.003607] hw unit of domain package 2^-0 Joules
[   10.034278] hw unit of domain dram 2^-0 Joules
[   10.075043] hw unit of domain pp1-gpu 2^-0 Joules
[   10.116840] platform rtc_cmos: registered platform RTC device (no PNP device found)
[   10.211343] Scanning for low memory corruption every 60 seconds
[   10.268564] audit: initializing netlink subsys (disabled)
[   10.331559] audit: type=2000 audit(1508321679.753:1): initialized
[   10.364893] Initialise system trusted keyring
[   10.366458] HugeTLB registered 2 MB page size, pre-allocated 0 pages
[   10.461641] zbud: loaded
[   10.476739] VFS: Disk quotas dquot_6.6.0
[   10.485325] VFS: Dquot-cache hash table entries: 512 (order 0, 4096 bytes)
[   10.496486] squashfs: version 4.0 (2009/01/31) Phillip Lougher
[   10.519398] fuse init (API version 7.23)
[   10.542162] Key type big_key registered
[   10.627060] Allocating IMA MOK and blacklist keyrings.
[   10.659953] Key type asymmetric registered
[   10.681521] Asymmetric key parser 'x509' registered
[   10.724575] Block layer SCSI generic (bsg) driver version 0.4 loaded (major 249)
[   10.871581] io scheduler noop registered
[   10.966775] io scheduler deadline registered (default)
[   11.075646] io scheduler cfq registered
[   11.129937] tsc: Refined TSC clocksource calibration: 1599.380 MHz
[   11.241976] clocksource: tsc: mask: 0xffffffffffffffff max_cycles: 0x170ddb4782c, max_idle_ns: 440795265930 ns
[   11.242163] pci_hotplug: PCI Hot Plug PCI Core version: 0.5
[   11.242168] pciehp: PCI Express Hot Plug Controller Driver version: 0.4
[   11.242524] ACPI: AC Adapter [AC] (off-line)
[   11.242585] input: Power Button as /devices/LNXSYSTM:00/LNXPWRBN:00/input/input0
[   11.242588] ACPI: Power Button [PWRF]
[   11.242688] input: Sleep Button as /devices/LNXSYSTM:00/LNXSLPBN:00/input/input1
[   11.242690] ACPI: Sleep Button [SLPF]
[   11.242860] GHES: HEST is not enabled!
[   11.345822] ACPI: Battery Slot [BAT0] (battery present)
[   11.346222] Serial: 8250/16550 driver, 32 ports, IRQ sharing enabled
[   11.455019] 00:02: ttyS0 at I/O 0x3f8 (irq = 4, base_baud = 115200) is a 16550A
[   11.510402] Linux agpgart interface v0.103
[   11.523009] loop: module loaded
[   11.523583] scsi host0: ata_piix
[   11.523644] scsi host1: ata_piix
[   11.523700] ata1: PATA max UDMA/33 cmd 0x1f0 ctl 0x3f6 bmdma 0xd000 irq 14
[   11.523701] ata2: PATA max UDMA/33 cmd 0x170 ctl 0x376 bmdma 0xd008 irq 15
[   11.523809] libphy: Fixed MDIO Bus: probed
[   11.523813] tun: Universal TUN/TAP device driver, 1.6
[   11.523813] tun: (C) 1999-2004 Max Krasnyansky <maxk@qualcomm.com>
[   11.524150] PPP generic driver version 2.4.2
[   11.524210] ehci_hcd: USB 2.0 'Enhanced' Host Controller (EHCI) Driver
[   11.524214] ehci-pci: EHCI PCI platform driver
[   11.524232] ehci-platform: EHCI generic platform driver
[   11.524240] ohci_hcd: USB 1.1 'Open' Host Controller (OHCI) Driver
[   11.524247] ohci-pci: OHCI PCI platform driver
[   11.524255] ohci-platform: OHCI generic platform driver
[   11.524263] uhci_hcd: USB Universal Host Controller Interface driver
[   11.524324] i8042: PNP: PS/2 Controller [PNP0303:PS2K,PNP0f03:PS2M] at 0x60,0x64 irq 1,12
[   11.524827] serio: i8042 KBD port at 0x60,0x64 irq 1
[   11.524831] serio: i8042 AUX port at 0x60,0x64 irq 12
[   11.524936] mousedev: PS/2 mouse device common for all mice
[   11.525245] input: AT Translated Set 2 keyboard as /devices/platform/i8042/serio0/input/input2
[   11.525597] rtc_cmos rtc_cmos: rtc core: registered rtc_cmos as rtc0
[   11.525660] rtc_cmos rtc_cmos: alarms up to one day, 114 bytes nvram
[   11.525666] i2c /dev entries driver
[   11.525720] device-mapper: uevent: version 1.0.3
[   11.525774] device-mapper: ioctl: 4.34.0-ioctl (2015-10-28) initialised: dm-devel@redhat.com
[   11.525789] ledtrig-cpu: registered to indicate activity on CPUs
[   11.526343] NET: Registered protocol family 10
[   11.526491] NET: Registered protocol family 17
[   11.526501] Key type dns_resolver registered
[   11.526683] microcode: CPU0 sig=0x306d4, pf=0x40, revision=0x0
[   11.544511] microcode: CPU1 sig=0x306d4, pf=0x40, revision=0x0
[   11.544575] microcode: Microcode Update Driver: v2.01 <tigran@aivazian.fsnet.co.uk>, Peter Oruba
[   11.544707] registered taskstats version 1
[   11.544725] Loading compiled-in X.509 certificates
[   11.545425] Loaded X.509 cert 'Build time autogenerated kernel key: d1010f9627fd9242df4b03365d2931dfd1ad3d42'
[   11.545445] zswap: loaded using pool lzo/zbud
[   11.546932] Key type trusted registered
[   11.549407] Key type encrypted registered
[   11.549415] AppArmor: AppArmor sha1 policy hashing enabled
[   11.549419] ima: No TPM chip found, activating TPM-bypass!
[   11.549440] evm: HMAC attrs: 0x1
[   11.549747]   Magic number: 5:604:224
[   11.570386] rtc_cmos rtc_cmos: setting system clock to 2017-10-18 10:14:42 UTC (1508321682)
[   11.570542] BIOS EDD facility v0.16 2004-Jun-25, 0 devices found
[   11.570543] EDD information not available.
[   13.555281] Freeing unused kernel memory: 1492K
[   13.639982] Write protecting the kernel read-only data: 14336k
[   13.744671] Freeing unused kernel memory: 1748K
[   13.828232] Freeing unused kernel memory: 112K
Loading, please [   13.850702] random: systemd-udevd: uninitialized urandom read (16 bytes read, 7 bits of entropy available)
wait...
startin[   13.851521] random: udevadm: uninitialized urandom read (16 bytes read, 7 bits of entropy available)
g version 229
[   13.851560] random: udevadm: uninitialized urandom read (16 bytes read, 7 bits of entropy available)
[   13.851692] random: udevadm: uninitialized urandom read (16 bytes read, 7 bits of entropy available)
[   13.851740] random: udevadm: uninitialized urandom read (16 bytes read, 7 bits of entropy available)
[   13.851783] random: udevadm: uninitialized urandom read (16 bytes read, 7 bits of entropy available)
[   13.851825] random: udevadm: uninitialized urandom read (16 bytes read, 7 bits of entropy available)
[   13.851867] random: udevadm: uninitialized urandom read (16 bytes read, 7 bits of entropy available)
[   13.851904] random: udevadm: uninitialized urandom read (16 bytes read, 7 bits of entropy available)
[   13.851943] random: udevadm: uninitialized urandom read (16 bytes read, 7 bits of entropy available)
[   14.545375] e1000: Intel(R) PRO/1000 Network Driver - version 7.3.21-k8-NAPI
[   14.624397] e1000: Copyright (c) 1999-2006 Intel Corporation.
[   14.643646] AVX version of gcm_enc/dec engaged.
[   14.661702] Fusion MPT base driver 3.04.20
[   14.661702] Copyright (c) 1999-2008 LSI Corporation
[   14.668595] AES CTR mode by8 optimization enabled
[   14.676897] Fusion MPT SPI Host driver 3.04.20
[   14.839569] input: ImExPS/2 Generic Explorer Mouse as /devices/platform/i8042/serio1/input/input4
[   15.016308] e1000 0000:00:03.0 eth0: (PCI:33MHz:32-bit) 02:14:68:3e:84:47
[   15.033074] e1000 0000:00:03.0 eth0: Intel(R) PRO/1000 Network Connection
[   15.043850] mptbase: ioc0: Initiating bringup
[   15.123171] ioc0: LSI53C1030 A0: Capabilities={Initiator}
[   15.338176] scsi host2: ioc0: LSI53C1030 A0, FwRev=00000000h, Ports=1, MaxQ=256, IRQ=20
[   15.537512] scsi 2:0:0:0: Direct-Access     VBOX     HARDDISK         1.0  PQ: 0 ANSI: 5
[   15.650960] scsi target2:0:0: Beginning Domain Validation
[   15.708979] scsi target2:0:0: Domain Validation skipping write tests
[   15.719006] scsi target2:0:0: Ending Domain Validation
[   15.723670] scsi target2:0:0: asynchronous
[   15.726819] scsi 2:0:1:0: Direct-Access     VBOX     HARDDISK         1.0  PQ: 0 ANSI: 5
[   15.745809] scsi target2:0:1: Beginning Domain Validation
[   15.750539] scsi target2:0:1: Domain Validation skipping write tests
[   15.755400] scsi target2:0:1: Ending Domain Validation
[   15.756954] scsi target2:0:1: asynchronous
[   15.779651] sd 2:0:0:0: Attached scsi generic sg0 type 0
[   15.783531] sd 2:0:0:0: [sda] 20971520 512-byte logical blocks: (10.7 GB/10.0 GiB)
[   15.786342] sd 2:0:1:0: Attached scsi generic sg1 type 0
[   15.788070] sd 2:0:0:0: [sda] Write Protect is off
[   15.788432] sd 2:0:1:0: [sdb] 20480 512-byte logical blocks: (10.5 MB/10.0 MiB)
[   15.793317] sd 2:0:0:0: [sda] Incomplete mode parameter data
[   15.796183] sd 2:0:0:0: [sda] Assuming drive cache: write through
[   15.797835] sd 2:0:1:0: [sdb] Write Protect is off
[   15.802692] sd 2:0:1:0: [sdb] Incomplete mode parameter data
[   15.802693] sd 2:0:1:0: [sdb] Assuming drive cache: write through
[   15.810171]  sda: sda1
[   15.813284] sd 2:0:0:0: [sda] Attached SCSI disk
[   15.822867] sd 2:0:1:0: [sdb] Attached SCSI disk
[   16.063246] e1000 0000:00:08.0 eth1: (PCI:33MHz:32-bit) 08:00:27:32:f1:0a
[   16.100107] e1000 0000:00:08.0 eth1: Intel(R) PRO/1000 Network Connection
[   16.153292] e1000 0000:00:03.0 enp0s3: renamed from eth0
[   16.179042] e1000 0000:00:08.0 enp0s8: renamed from eth1
[   17.659467] floppy0: no floppy controllers found
Begin: Loading e[   19.093442] md: linear personality registered for level -1
ssential drivers[   19.136781] md: multipath personality registered for level -4
 ... [   19.157351] md: raid0 personality registered for level 0
[   19.214269] md: raid1 personality registered for level 1
[   19.330855] raid6: sse2x1   gen()  7848 MB/s
[   19.474702] raid6: sse2x1   xor()  5537 MB/s
[   19.567105] raid6: sse2x2   gen()  6387 MB/s
[   19.682653] raid6: sse2x2   xor()  6361 MB/s
[   19.790593] raid6: sse2x4   gen()  9998 MB/s
[   19.890912] raid6: sse2x4   xor()  8129 MB/s
[   19.951549] raid6: using algorithm sse2x4 gen() 9998 MB/s
[   20.023221] raid6: .... xor() 8129 MB/s, rmw enabled
[   20.071859] raid6: using ssse3x2 recovery algorithm
[   20.115825] xor: automatically using best checksumming function:
[   20.262979]    avx       : 19494.000 MB/sec
[   20.308823] async_tx: api initialized (async)
[   20.354027] md: raid6 personality registered for level 6
[   20.374174] md: raid5 personality registered for level 5
[   20.420651] md: raid4 personality registered for level 4
[   20.469833] md: raid10 personality registered for level 10
done.
Begin: Running /scripts/init-premount ... done.
Begin: Mounting root file system ... Begin: Running /scripts/local-top .[   20.546229] Btrfs loaded
.. done.
Begin: Running /scripts/local-premount ... Scanning for Btrfs filesystems
done.
Warning: fsck not present, so skipping root file[   20.598338] EXT4-fs (sda1): mounted filesystem with ordered data mode. Opts: (null)
 system
done.
Begin: Running /scripts/local-bottom ... done.
Begin: Running /scripts/init-bottom ... done.
[   20.748367] systemd[1]: systemd 229 running in system mode. (+PAM +AUDIT +SELINUX +IMA +APPARMOR +SMACK +SYSVINIT +UTMP +LIBCRYPTSETUP +GCRYPT +GNUTLS +ACL +XZ -LZ4 +SECCOMP +BLKID +ELFUTILS +KMOD -IDN)
[   20.857586] systemd[1]: Detected virtualization oracle.
[   20.927363] systemd[1]: Detected architecture x86-64.

Welcome to [1mUbuntu 16.04.3 LTS[0m!

[   21.008042] systemd[1]: Set hostname to <ubuntu>.
[   21.066848] systemd[1]: Initializing machine ID from random generator.
[   21.123921] systemd[1]: Installed transient /etc/machine-id file.
[   21.354509] systemd[1]: Listening on udev Kernel Socket.
[[0;32m  OK  [0m] Listening on udev Kernel Socket.
[   21.527600] systemd[1]: Listening on LVM2 poll daemon socket.
[[0;32m  OK  [0m] Listening on LVM2 poll daemon socket.
[   21.659601] systemd[1]: Started Trigger resolvconf update for networkd DNS.
[[0;32m  OK  [0m] Started Trigger resolvconf update for networkd DNS.
[   21.739063] systemd[1]: Listening on Syslog Socket.
[[0;32m  OK  [0m] Listening on Syslog Socket.
[   21.799861] systemd[1]: Listening on udev Control Socket.
[[0;32m  OK  [0m] Listening on udev Control Socket.
[   21.862894] systemd[1]: Reached target Encrypted Volumes.
[[0;32m  OK  [0m] Reached target Encrypted Volumes.
[   21.887289] systemd[1]: Listening on /dev/initctl Compatibility Named Pipe.
[[0;32m  OK  [0m] Listening on /dev/initctl Compatibility Named Pipe.
[   21.951268] systemd[1]: Reached target User and Group Name Lookups.
[[0;32m  OK  [0m] Reached target User and Group Name Lookups.
[   21.973773] systemd[1]: Started Forward Password Requests to Wall Directory Watch.
[[0;32m  OK  [0m] Started Forward Password Requests to Wall Directory Watch.
[   22.031113] systemd[1]: Set up automount Arbitrary Executable File Formats File System Automount Point.
[[0;32m  OK  [0m] Set up automount Arbitrary Executab...ats File System Automount Point.
[   22.191697] systemd[1]: Listening on Journal Audit Socket.
[[0;32m  OK  [0m] Listening on Journal Audit Socket.
[   22.315082] systemd[1]: Listening on Journal Socket.
[[0;32m  OK  [0m] Listening on Journal Socket.
[   22.387674] systemd[1]: Created slice User and Session Slice.
[[0;32m  OK  [0m] Created slice User and Session Slice.
[   22.535525] systemd[1]: Listening on Journal Socket (/dev/log).
[[0;32m  OK  [0m] Listening on Journal Socket (/dev/log).
[   22.663582] systemd[1]: Listening on Device-mapper event daemon FIFOs.
[[0;32m  OK  [0m] Listening on Device-mapper event daemon FIFOs.
[   22.811225] systemd[1]: Listening on LVM2 metadata daemon socket.
[[0;32m  OK  [0m] Listening on LVM2 metadata daemon socket.
[   22.843773] systemd[1]: Created slice System Slice.
[[0;32m  OK  [0m] Created slice System Slice.
[   22.863932] systemd[1]: Reached target Slices.
[[0;32m  OK  [0m] Reached target Slices.
[   22.902957] systemd[1]: Starting Create list of required static device nodes for the current kernel...
[   22.903494] random: nonblocking pool is initialized
         Starting Create list of required st... nodes for the current kernel...
[   23.059142] systemd[1]: Starting Nameserver information manager...
         Starting Nameserver information manager...
[   23.127271] systemd[1]: Starting Set console keymap...
         Starting Set console keymap...
[   23.183020] systemd[1]: Mounting Huge Pages File System...
         Mounting Huge Pages File System...
[   23.227312] systemd[1]: Starting Uncomplicated firewall...
         Starting Uncomplicated firewall...
[   23.247617] systemd[1]: Mounting POSIX Message Queue File System...
         Mounting POSIX Message Queue File System...
[   23.286838] systemd[1]: Mounting Debug File System...
         Mounting Debug File System...
[   23.403128] systemd[1]: Starting Journal Service...
         Starting Journal Service...
[   23.524032] systemd[1]: Created slice system-serial\x2dgetty.slice.
[[0;32m  OK  [0m] Created slice system-serial\x2dgetty.slice.
[   23.702439] systemd[1]: Starting Monitoring of LVM2 mirrors, snapshots etc. using dmeventd or progress polling...
         Starting Monitoring of LVM2 mirrors... dmeventd or progress polling...
[   23.824883] systemd[1]: Starting Remount Root and Kernel File Systems...
[   23.828211] EXT4-fs (sda1): re-mounted. Opts: (null)
         Starting Remount Root and Kernel File Systems...
[   23.883310] systemd[1]: Starting Load Kernel Modules...
[   23.891885] Loading iSCSI transport class v2.0-870.
         Starting Load Kernel Modules...
[   23.942517] iscsi: registered transport (tcp)
[   24.011258] systemd[1]: Reached target Swap.
[[0;32m  OK  [0m] Reached targ[   24.066611] iscsi: registered transport (iser)
et Swap.
[   24.154689] systemd[1]: Mounted Debug File System.
[[0;32m  OK  [0m] Mounted Debug File System.
[   24.240454] systemd[1]: Mounted Huge Pages File System.
[[0;32m  OK  [0m] Mounted Huge Pages File System.
[   24.363372] systemd[1]: Mounted POSIX Message Queue File System.
[[0;32m  OK  [0m] Mounted POSIX Message Queue File System.
[   24.451423] systemd[1]: Started Journal Service.
[[0;32m  OK  [0m] Started Journal Service.
[[0;32m  OK  [0m] Started Create list of required sta...ce nodes for the current kernel.
[[0;32m  OK  [0m] Started Set console keymap.
[[0;32m  OK  [0m] Started Uncomplicated firewall.
[[0;32m  OK  [0m] Started Remount Root and Kernel File Systems.
[[0;32m  OK  [0m] Started Load Kernel Modules.
[[0;32m  OK  [0m] Started Nameserver information manager.
[[0;32m  OK  [0m] Started LVM2 metadata daemon.
         Starting Apply Kernel Variables...
         Mounting FUSE Control File System...
         Starting Load/Save Random Seed...
         Starting Initial cloud-init job (pre-networking)...
         Starting udev Coldplug all Devices...
         Starting Create Static Device Nodes in /dev...
         Starting Flush Journal to Persistent Storage...
[[0;32m  OK  [0m] Mounted FUSE Control File System.
[[0;32m  OK  [0m] Started Monitoring of LVM2 mirrors,...ng dmeventd or progress polling.
[[0;32m  OK  [0m] Started Apply Kernel Variables.
[[0;32m  OK  [0m] Started Load/Save Random Seed.
[[0;32m  OK  [0m] Started Create Static Device Nodes in /dev.
[[0;32m  OK  [0m] Started udev Coldplug all Devices.
[[0;32m  OK  [0m] Started Flush Journal to Persistent Storage.
         Starting udev Kernel Device Manager...
[[0;32m  OK  [0m] Started udev Kernel Device Manager.
[[0;32m  OK  [0m] Reached target Local File Systems (Pre).
[[0;32m  OK  [0m] Reached target Local File Systems.
         Starting Commit a transient machine-id on disk...
         Starting Create Volatile Files and Directories...
         Starting LSB: AppArmor initialization...
         Starting Set console font and keymap...
         Starting Tell Plymouth To Write Out Runtime Data...
[[0;32m  OK  [0m] Started Dispatch Password Requests to Console Directory Watch.
[[0;32m  OK  [0m] Started Create Volatile Files and Directories.
[[0;32m  OK  [0m] Started Commit a transient machine-id on disk.
[[0;32m  OK  [0m] Started Tell Plymouth To Write Out Runtime Data.
[[0;32m  OK  [0m] Found device /dev/ttyS0.
[[0;32m  OK  [0m] Reached target System Time Synchronized.
         Starting Update UTMP about System Boot/Shutdown...
[[0;32m  OK  [0m] Started Update UTMP about System Boot/Shutdown.
[[0;32m  OK  [0m] Listening on Load/Save RF Kill Switch Status /dev/rfkill Watch.
[[0;32m  OK  [0m] Started Initial cloud-init job (pre-networking).
[[0;32m  OK  [0m] Reached target Network (Pre).
[   19.946636] cloud-init[451]: Cloud-init v. 0.7.9 running 'init-local' at Wed, 18 Oct 2017 10:14:56 +0000. Up 19.47 seconds.
[[0;32m  OK  [0m] Started Set console font and keymap.
[[0;32m  OK  [0m] Started LSB: AppArmor initialization.
         Starting Raise network interfaces...
[[0;32m  OK  [0m] Created slice system-getty.slice.
[[0;32m  OK  [0m] Started Raise network interfaces.
[[0;32m  OK  [0m] Reached target Network.
         Starting Initial cloud-init job (metadata service crawler)...
[   23.692944] cloud-init[954]: Cloud-init v. 0.7.9 running 'init' at Wed, 18 Oct 2017 10:15:00 +0000. Up 22.83 seconds.
[[0;32m  OK  [0m] Started Initial cloud-init job (metadata service crawler).
[[0;32m  OK  [0m] Reached target Network is Online.
[   23.767553] cloud-init[954]: ci-info: ++++++++++++++++++++++++++++++++++++++Net device info++++++++++++++++++++++++++++++++++++++
[   23.920493]          cloud-initStarting iSCSI initiator daemon (iscsid)...[954]: 
ci-info: +--------+-------+----------------------------+---------------+-------+-------------------+
[   24.036740] [cloud-init[0;32m  OK  [0m[954]: ] ci-info: | Device |   Up  |          Address           |      Mask     | Scope |     Hw-Address    |Reached target Cloud-config availability.

[[0;32m  OK  [0m] Reached target System Initialization.
[   24.037800] cloud-init[954]: ci-info: +--------+-------+----------------------------+---------------+-------+-------------------+
[   24.261834] [cloud-init[0;32m  OK  [0m[954]: ] ci-info: | enp0s8 | False |             .              |       .       |   .   | 08:00:27:32:f1:0a |Started Timer to automatically refresh installed snaps.

[[0;32m  OK  [0m] Started Timer to automatically fetch and run repair assertions.
[[0;32m  OK  [0m] Started Daily Cleanup of Temporary Directories.
[   24.262862] cloud-init[954]: ci-info: |   lo   |  True |         127.0.0.1          |   255.0.0.0   |   .   |         .         |
[   24.428638] [cloud-init[0;32m  OK  [0m[954]: ] ci-info: |   lo   |  True |          ::1/128           |       .       |  host |         .         |Listening on ACPID Listen Socket.

[   24.429424]          Starting LXD - unix socket.
[[0;32m  OK  [0m] Listening on D-Bus System Message Bus Socket.
         Starting Socket activation for snappy daemon.
cloud-init[954]: ci-info: | enp0s3 |  True |         10.0.2.15          | 255.255.255.0 |   .   | 02:14:68:3e:84:47 |
[   24.548638] [cloud-init[0;32m  OK  [0m[954]: ] ci-info: | enp0s3 |  True | fe80::14:68ff:fe3e:8447/64 |       .       |  link | 02:14:68:3e:84:47 |Started ACPI Events Check.

[[0;32m  OK  [0m] Reached target Paths.
[[0;32m  OK  [0m] Started Daily apt download activities.
[   24.549800] cloud-init[954]: ci-info: +--------+-------+----------------------------+---------------+-------+-------------------+
[   24.773204] [cloud-init[0;32m  OK  [0m[954]: ] ci-info: +++++++++++++++++++++++++++Route IPv4 info++++++++++++++++++++++++++++Started Daily apt upgrade and clean activities.

[[0;32m  OK  [0m] Reached target Timers.
[[0;32m  OK  [0m] Listening on UUID daemon activation socket.
[   24.773981] cloud-init[954]: ci-info: +-------+-------------+----------+---------------+-----------+-------+
[   24.960454] cloud-init[954]: ci-info: | Route | Destination | Gateway  |    Genmask    | Interface | Flags |
[[0;32m  OK  [0m] Listening on LXD - unix socket.
[[0;32m  OK  [0m] Listening on Socket activation for snappy daemon.
[[0;32m  OK  [0m] Started iSCSI initiator daemon (iscsid).
[   25.028791] cloud-init[954]: ci-info: +-------+-------------+----------+---------------+-----------+-------+
[   25.177014] cloud-init[954]: ci-info: |   0   |   0.0.0.0   | 10.0.2.2 |    0.0.0.0    |   enp0s3  |   UG  |
[   25.251249] cloud-init[954]: ci-info: |   1   |   10.0.2.0  | 0.0.0.0  | 255.255.255.0 |   enp0s3  |   U   |
[   25.296414] cloud-init[954]: ci-info: +-------+-------------+----------+---------------+-----------+-------+
[   25.353455] cloud-init[954]: Generating public/private rsa key pair.
         Starting Login to default iSCSI targets...
[[0;32m  OK  [0m] Reached target Sockets.
[[0;32m  OK  [0m] Reached target Basic System.
[   25.395898] cloud-init[954]: Your identification has been saved in /etc/ssh/ssh_host_rsa_key.
         Starting LSB: Record successful boot for GRUB...
[   25.522804] cloud-init[954]: Your public key has been saved in /etc/ssh/ssh_host_rsa_key.pub.
         Starting Login Service...
[   25.595000] cloud-init[954]: The key fingerprint is:
[   25.648549]          cloud-initStarting /etc/rc.local Compatibility...[954]: 
SHA256:n/x2mWg6GCjiG8tpdJKFvBQis5VikRj/M6+qO/2xjZM root@ubuntu-xenial
[   25.736675] [cloud-init[0;32m  OK  [0m[954]: ] The key's randomart image is:Started FUSE filesystem for LXC.

[   25.775869] [cloud-init[0;32m  OK  [0m[954]: ] +---[RSA 2048]----+Started Deferred execution scheduler.

[   25.776534] cloud-init[954]: |ooo.             |
[   25.853843]          cloud-initStarting Pollinate to seed the pseudo random number generator...[954]: 
|*++              |
[   25.910769] [cloud-init[0;32m  OK  [0m[954]: ] |oB.o             |Started D-Bus System Message Bus.

[   25.911662] cloud-init[954]: |. +..            |
[   25.966399]          cloud-initStarting Accounts Service...[954]: 
| . ++  .S        |
[   26.016594] [cloud-init[0;32m  OK  [0m[954]: ] |  * o+. .o .     |Started Unattended Upgrades Shutdown.

[   26.017492] cloud-init[954]: | +.+.o.  o+  . o |
         Starting Snappy daemon...
[   26.102976] cloud-init[954]: |..++E*  . ..+ +  |
[   26.141435] cloud-init[954]: |o=*+=..   .=..   |
[   26.145218] [cloud-init[0;32m  OK  [0m[954]: ] +----[SHA256]-----+Started ACPI event daemon.

[   26.145720] cloud-init[954]: Generating public/private dsa key pair.
[   26.240757]          cloud-initStarting System Logging Service...[954]: 
Your identification has been saved in /etc/ssh/ssh_host_dsa_key.
[   26.328579]          cloud-initStarting Apply the settings specified in cloud-config...[954]: 
Your public key has been saved in /etc/ssh/ssh_host_dsa_key.pub.
[[0;32m  OK  [0m] Started Regular background program processing daemon.
[   26.399584] cloud-init[954]: The key fingerprint is:
[   26.459890] cloud-init[954]: SHA256:OtWE6PQ/E0wT+woALaxA9lrfm5gHa7onpipqj5LgMuE root@ubuntu-xenial
         Starting LSB: MD monitoring daemon...
[   26.527129] cloud-init[954]: The key's randomart image is:
         Starting LXD - container startup/shutdown...
[[0;32m  OK  [0m] Started Snappy daemon.
[[0;32m  OK  [0m] Started System Logging Service.
[[0;32m  OK  [0m] Started /etc/rc.local Compatibility.
[[0;32m  OK  [0m] Started Pollinate to seed the pseudo random number generator.
[[0;32m  OK  [0m] Started LXD - container startup/shutdown.
[   26.606708] cloud-init[954]: +---[DSA 1024]----+
[   26.872386] [cloud-init[0;32m  OK  [0m[954]: ] |.o ...    .      |Started LSB: Record successful boot for GRUB.

[   26.872986] cloud-init[954]: |o . o... . o     |
[   26.956455] [cloud-init[0;32m  OK  [0m[954]: ] | . + .+ . =      |Started Login to default iSCSI targets.

[   26.957043] cloud-init[954]: |  + .o.o = o     |
[   27.049155] cloud-init[954]: | .   o..S + .    |
[   27.076514] [cloud-init[0;32m  OK  [0m[954]: ] |o     =ooo o     |Started LSB: MD monitoring daemon.

[   27.077140] cloud-init[954]: |+o   =o+  =      |
[[0;32m  OK  [0m] Started Login Service.
[   27.120586] cloud-init[954]: |*E.oo...   o     |
[   27.149197]          cloud-initStarting Authenticate and Authorize Users to Run Privileged Tasks...[954]: 
|X++++            |
[   27.195267] [cloud-init[0;32m  OK  [0m[954]: ] +----[SHA256]-----+Reached target Remote File Systems (Pre).

[[0;32m  OK  [0m] Reached target Remote File Systems.
[   27.196038] cloud-init[954]: Generating public/private ecdsa key pair.
[   27.332472]          cloud-initStarting LSB: VirtualBox Linux Additions...[954]: 
Your identification has been saved in /etc/ssh/ssh_host_ecdsa_key.
         Starting LSB: daemon to balance interrupts for SMP systems...
[   27.392891] cloud-init[954]: Your public key has been saved in /etc/ssh/ssh_host_ecdsa_key.pub.
[   27.487279] cloud-init[954]: The key fingerprint is:
         Starting Permit User Sessions...
[   27.519977] cloud-init[954]: SHA256:3Vh0gWbEVtzvQScXGeqVVnLgVszvElnRqviUmK+orSA root@ubuntu-xenial
         Starting LSB: Set the CPU Frequency Scaling governor to "ondemand"...
[   27.587253] cloud-init[954]: The key's randomart image is:
[   27.690561]          cloud-initStarting LSB: automatic crash report generation...[954]: 
+---[ECDSA 256]---+
         Starting OpenBSD Secure Shell server...
[   27.753192] cloud-init[954]: |           oo+*XX|
[   27.805230] cloud-init[954]: |           .*o+*@|
[   27.805820] cloud-init[954]: |           +..+X+|
         Starting Auto import assertions from block devices...
[   27.806044] cloud-init[954]: |         . +..*.o|
[   27.891324] cloud-init[954]: |        S o+.+ +.|
[   27.908742] [cloud-init[0;32m  OK  [0m[954]: ] |          + + . o|Started OpenBSD Secure Shell server.

[   27.909611] cloud-init[954]: |  E .      +   . |
[   27.945771] [cloud-init[0;32m  OK  [0m[954]: ] |   . . . .  o    |Started Permit User Sessions.

[   27.946689] cloud-init[954]: |      ooo ..     |
[   28.045072] [cloud-init[0;32m  OK  [0m[954]: ] +----[SHA256]-----+Started Auto import assertions from block devices.

[   28.046199] cloud-init[954]: Generating public/private ed25519 key pair.
[[0;32m  OK  [0m] Started Authenticate and Authorize Users to Run Privileged Tasks.
[   28.176695] cloud-init[954]: Your identification has been saved in /etc/ssh/ssh_host_ed25519_key.
[[0;32m  OK  [0m] Started Accounts Service.
[   28.292680] cloud-init[954]: Your public key has been saved in /etc/ssh/ssh_host_ed25519_key.pub.
[   28.357065] cloud-init[954]: The key fingerprint is:
[   28.364342] [cloud-init[0;32m  OK  [0m[954]: ] SHA256:1fDqo2qH9KxGS3l8KNLEqMG6agNstmIGskKwzswsKcU root@ubuntu-xenialStarted LSB: daemon to balance interrupts for SMP systems.

[[0;32m  OK  [0m] Started LSB: VirtualBox Linux Additions.
[[0;32m  OK  [0m] Started LSB: Set the CPU Frequency Scaling governor to "ondemand".
[   28.365061] cloud-init[954]: The key's randomart image is:
[   28.476756] cloud-init[954]: +--[ED25519 256]--+
         Starting Hold until boot process finishes up...
[   28.519763] cloud-init[954]: |          .      |
[   28.576911] cloud-init[954]: |           +     |
         Starting Terminate Plymouth Boot Screen...
[[0;32m  OK  [0m] Started LSB: automatic crash report generation.
[   28.616379] cloud-init[954]: | .   o    . o    |
[   28.749118] cloud-init[954]: |. o . o  . .     |
[   28.749747] cloud-init[954]: |o+ o o oS..      |
[[0;32m  OK  [0m] Started Hold until boot process finishes up.
[   28.749982] cloud-init[954]: |*=E . B +..      |
[   28.873199] cloud-init[954]: |&=.  = B .o      |
[   28.873632] [cloud-init[0;32m  OK  [0m[954]: ] |O%    = +. .     |Started Terminate Plymouth Boot Screen.

[   28.874490] cloud-init[954]: |@ .  oo+.        |
[   28.988676] cloud-init[954]: +----[SHA256]-----+
         Stopping OpenBSD Secure Shell server...
[   29.005952] cloud-init[1149]: Generating locales (this might take a while)...
[   29.117110] cloud-init[1149]:   en_US.UTF-8... done
[[0;32m  OK  [0m] Started Getty on tty1.
[   29.117664] cloud-init[1149]: Generation complete.
         Starting Set console scheme...
[[0;32m  OK  [0m] Started Serial Getty on ttyS0.
[[0;32m  OK  [0m] Reached target Login Prompts.
[[0;32m  OK  [0m] Stopped OpenBSD Secure Shell server.
[[0;32m  OK  [0m] Started Set console scheme.
         Starting OpenBSD Secure Shell server...
[[0;32m  OK  [0m] Started OpenBSD Secure Shell server.
[[0;32m  OK  [0m] Reached target Multi-User System.
[[0;32m  OK  [0m] Reached target Graphical Interface.
         Starting Update UTMP about System Runlevel Changes...
[[0;32m  OK  [0m] Started Update UTMP about System Runlevel Changes.
[[0;32m  OK  [0m] Created slice User Slice of ubuntu.
         Starting User Manager for UID 1000...
[   29.824876] cloud-init[1149]: Cloud-init v. 0.7.9 running 'modules:config' at Wed, 18 Oct 2017 10:15:03 +0000. Up 26.54 seconds.
[[0;32m  OK  [0m] Started User Manager for UID 1000.
[[0;32m  OK  [0m] Started Apply the settings specified in cloud-config.
[[0;32m  OK  [0m] Started Session 1 of user ubuntu.
         Starting Execute cloud user/final scripts...
ci-info: no authorized ssh keys fingerprints found for user ubuntu.
<14>Oct 18 10:15:08 ec2: 
<14>Oct 18 10:15:08 ec2: #############################################################
<14>Oct 18 10:15:08 ec2: -----BEGIN SSH HOST KEY FINGERPRINTS-----
<14>Oct 18 10:15:08 ec2: 1024 SHA256:OtWE6PQ/E0wT+woALaxA9lrfm5gHa7onpipqj5LgMuE root@ubuntu-xenial (DSA)
<14>Oct 18 10:15:08 ec2: 256 SHA256:3Vh0gWbEVtzvQScXGeqVVnLgVszvElnRqviUmK+orSA root@ubuntu-xenial (ECDSA)
<14>Oct 18 10:15:08 ec2: 256 SHA256:1fDqo2qH9KxGS3l8KNLEqMG6agNstmIGskKwzswsKcU root@ubuntu-xenial (ED25519)
<14>Oct 18 10:15:08 ec2: 2048 SHA256:n/x2mWg6GCjiG8tpdJKFvBQis5VikRj/M6+qO/2xjZM root@ubuntu-xenial (RSA)
<14>Oct 18 10:15:08 ec2: -----END SSH HOST KEY FINGERPRINTS-----
<14>Oct 18 10:15:08 ec2: #############################################################
-----BEGIN SSH HOST KEY KEYS-----
ecdsa-sha2-nistp256 AAAAE2VjZHNhLXNoYTItbmlzdHAyNTYAAAAIbmlzdHAyNTYAAABBBI5vR/eVXH0OFYS3D++yzpnOUbOFwrTch6jLUCBYLm8rK5dLSDX4HxDKBF8vqzozdeTJeo0XRdQqL0ark0th8zI= root@ubuntu-xenial
ssh-ed25519 AAAAC3NzaC1lZDI1NTE5AAAAIAEjbw3MPSziE6K3t+4ZaogoXxIm334zjCwL6HgA2DbY root@ubuntu-xenial
ssh-rsa AAAAB3NzaC1yc2EAAAADAQABAAABAQDqZlEWJe9+7zEwF1A62R7jwMgC/ZvIVOBEgt0xbVwn65ClcxXaCE4hbt5zQnsNrFl2tih7QgW0RuleHChP0Qnlsn5nWtrBX7LrOdG6L/ksJF23S87SrVjWzbW1E8TOifKJ5FS/FC16oyLmwfTaxLwJ2oX1iKmN3p29wYCL7V1NsgvFuMpX4UkwW1cJVrgkE9ZUJft+Pe61jbeFd9g/aqOnwjqupwVl03ouBR3T+eCJBVkg8GaDd7L58NLAxhbK7No4Yn2ldaStcmIiFFRW8AxYQPyTsCXu8BNg1x6at0g5tiHke/exol1uTsGYh+NSQvt1aeWRS1OHImJTTpGGvGO1 root@ubuntu-xenial
-----END SSH HOST KEY KEYS-----
[   31.295177] cloud-init[1334]: Cloud-init v. 0.7.9 running 'modules:final' at Wed, 18 Oct 2017 10:15:07 +0000. Up 30.62 seconds.
[   31.354102] cloud-init[1334]: ci-info: no authorized ssh keys fingerprints found for user ubuntu.
[   31.387557] cloud-init[1334]: Cloud-init v. 0.7.9 finished at Wed, 18 Oct 2017 10:15:08 +0000. Datasource DataSourceNoCloud [seed=/dev/sdb][dsmode=net].  Up 31.27 seconds
[[0;32m  OK  [0m] Started Execute cloud user/final scripts.
[[0;32m  OK  [0m] Reached target Cloud-init target.

Ubuntu 16.04.3 LTS ubuntu-xenial ttyS0

ubuntu-xenial login: 